<testsuites id="" name="" tests="1" failures="1" skipped="0" errors="0" time="4.729291999999999">
<testsuite name="api/api-endpoints.spec.js" timestamp="2025-10-08T10:11:38.411Z" hostname="api-tests" tests="1" failures="1" skipped="0" time="1.778" errors="0">
<testcase name="WARPCORE Analytics API Endpoints › GET /api/execution-logs - should return execution logs with proper structure" classname="api/api-endpoints.spec.js" time="1.778">
<failure message="api-endpoints.spec.js:19:5 GET /api/execution-logs - should return execution logs with proper structure" type="FAILURE">
<![CDATA[  [api-tests] › api/api-endpoints.spec.js:19:5 › WARPCORE Analytics API Endpoints › GET /api/execution-logs - should return execution logs with proper structure 

    Error: expect(received).toBe(expected) // Object.is equality

    Expected: 200
    Received: 404

      20 |         const response = await request.get('/api/execution-logs');
      21 |         
    > 22 |         expect(response.status()).toBe(200);
         |                                   ^
      23 |         
      24 |         const data = await response.json();
      25 |         expect(data).toHaveProperty('logs');
        at /Users/shawn_meredith/code/pets/warpcore/src/agency/web/tests/playwright/api/api-endpoints.spec.js:22:35

    attachment #1: screenshot (image/png) ──────────────────────────────────────────────────────────
    ../test-results/api-api-endpoints-WARPCORE-54bfe--logs-with-proper-structure-api-tests/test-failed-1.png
    ────────────────────────────────────────────────────────────────────────────────────────────────

    attachment #2: video (video/webm) ──────────────────────────────────────────────────────────────
    ../test-results/api-api-endpoints-WARPCORE-54bfe--logs-with-proper-structure-api-tests/video.webm
    ────────────────────────────────────────────────────────────────────────────────────────────────
]]>
</failure>
<system-out>
<![CDATA[
[[ATTACHMENT|../../test-results/api-api-endpoints-WARPCORE-54bfe--logs-with-proper-structure-api-tests/test-failed-1.png]]

[[ATTACHMENT|../../test-results/api-api-endpoints-WARPCORE-54bfe--logs-with-proper-structure-api-tests/video.webm]]
]]>
</system-out>
</testcase>
</testsuite>
</testsuites>