<testsuites id="" name="" tests="11" failures="1" skipped="10" errors="0" time="2.6373800000000003">
<testsuite name="api/api-endpoints.spec.js" timestamp="2025-10-07T02:53:54.444Z" hostname="api-tests" tests="11" failures="1" skipped="10" time="3.027" errors="0">
<testcase name="WARPCORE Analytics API Endpoints › GET /api/execution-logs - should return execution logs with proper structure" classname="api/api-endpoints.spec.js" time="0.747">
<skipped>
</skipped>
</testcase>
<testcase name="WARPCORE Analytics API Endpoints › GET /api/execution-logs - should handle high volume data efficiently" classname="api/api-endpoints.spec.js" time="0.769">
<skipped>
</skipped>
</testcase>
<testcase name="WARPCORE Analytics API Endpoints › GET /api/workflow-logs/:id - should return specific workflow data" classname="api/api-endpoints.spec.js" time="0.794">
<skipped>
</skipped>
</testcase>
<testcase name="WARPCORE Analytics API Endpoints › API error handling - should return proper error responses" classname="api/api-endpoints.spec.js" time="0.717">
<failure message="api-endpoints.spec.js:65:5 API error handling - should return proper error responses" type="FAILURE">
<![CDATA[  [api-tests] › api/api-endpoints.spec.js:65:5 › WARPCORE Analytics API Endpoints › API error handling - should return proper error responses 

    Error: expect(received).toBe(expected) // Object.is equality

    Expected: 200
    Received: 404

      66 |         // Test non-existent workflow
      67 |         const response = await request.get('/workflow-logs/non-existent-workflow');
    > 68 |         expect(response.status()).toBe(200); // Server might return empty data instead of 404
         |                                   ^
      69 |         
      70 |         const data = await response.json();
      71 |         expect(data.workflow_id).toBe('non-existent-workflow');
        at /Users/shawn_meredith/code/pets/warpcore/.workflows/warp/dev/web/tests/playwright/api/api-endpoints.spec.js:68:35

    attachment #1: screenshot (image/png) ──────────────────────────────────────────────────────────
    ../test-results/api-api-endpoints-WARPCORE-53572-turn-proper-error-responses-api-tests/test-failed-1.png
    ────────────────────────────────────────────────────────────────────────────────────────────────

    attachment #2: video (video/webm) ──────────────────────────────────────────────────────────────
    ../test-results/api-api-endpoints-WARPCORE-53572-turn-proper-error-responses-api-tests/video.webm
    ────────────────────────────────────────────────────────────────────────────────────────────────
]]>
</failure>
<system-out>
<![CDATA[
[[ATTACHMENT|../../test-results/api-api-endpoints-WARPCORE-53572-turn-proper-error-responses-api-tests/test-failed-1.png]]

[[ATTACHMENT|../../test-results/api-api-endpoints-WARPCORE-53572-turn-proper-error-responses-api-tests/video.webm]]
]]>
</system-out>
</testcase>
<testcase name="WARPCORE Analytics API Endpoints › API data consistency - should maintain data integrity across requests" classname="api/api-endpoints.spec.js" time="0">
<skipped>
</skipped>
</testcase>
<testcase name="WARPCORE Analytics API Endpoints › API performance under concurrent load" classname="api/api-endpoints.spec.js" time="0">
<skipped>
</skipped>
</testcase>
<testcase name="WARPCORE Analytics API Endpoints › API data validation - should return properly formatted data" classname="api/api-endpoints.spec.js" time="0">
<skipped>
</skipped>
</testcase>
<testcase name="WARPCORE Analytics API Endpoints › API content types and headers" classname="api/api-endpoints.spec.js" time="0">
<skipped>
</skipped>
</testcase>
<testcase name="WARPCORE Analytics API Endpoints › API response time benchmarks" classname="api/api-endpoints.spec.js" time="0">
<skipped>
</skipped>
</testcase>
<testcase name="WARPCORE Analytics API Endpoints › API data freshness - should reflect recent updates" classname="api/api-endpoints.spec.js" time="0">
<skipped>
</skipped>
</testcase>
<testcase name="WARPCORE Analytics API Endpoints › API integration with UI data flow" classname="api/api-endpoints.spec.js" time="0">
<skipped>
</skipped>
</testcase>
</testsuite>
</testsuites>